<?xml version="1.0" encoding="UTF-8"?>
<!-- Generated by org.testng.reporters.JUnitReportReporter -->
<testsuite hostname="DESKTOP-5MNL7BM" failures="0" tests="2" name="contacttest.contacttest" time="0.013" errors="0" timestamp="2021-10-19T18:32:15 IST" skipped="0">
  <testcase classname="contacttest.contacttest" name="editOrgTest" time="0.002"/>
  <system-out/>
  <testcase classname="contacttest.contacttest" name="createContactTest" time="0.011"/>
  <system-out/>
</testsuite> <!-- contacttest.contacttest -->
